2022-04-15 15:34:54 Loading main app package /home/mattia/Downloads/squashfs-root/resources/obsidian.asar
2022-04-15 15:34:54 Checking for update using Github
2022-04-15 15:34:54 Success.
2022-04-15 15:34:54 Latest version is 0.14.5
2022-04-15 15:34:54 App is up to date.
2022-04-15 16:34:54 Checking for update using Github
2022-04-15 16:34:54 Success.
2022-04-15 16:34:54 Latest version is 0.14.5
2022-04-15 16:34:54 App is up to date.
2022-04-15 17:34:54 Checking for update using Github
2022-04-15 17:34:54 Success.
2022-04-15 17:34:54 Latest version is 0.14.5
2022-04-15 17:34:54 App is up to date.
2022-04-15 18:34:54 Checking for update using Github
2022-04-15 18:34:54 Success.
2022-04-15 18:34:54 Latest version is 0.14.5
2022-04-15 18:34:54 App is up to date.
2022-04-15 19:34:54 Checking for update using Github
2022-04-15 19:34:54 Success.
2022-04-15 19:34:54 Latest version is 0.14.5
2022-04-15 19:34:54 App is up to date.
2022-04-17 08:16:13 Loading main app package /usr/lib/obsidian/obsidian.asar
2022-04-17 08:16:13 Checking for update using Github
2022-04-17 08:16:13 Success.
2022-04-17 08:16:13 Latest version is 0.14.5
2022-04-17 08:16:13 App is up to date.
2022-04-17 08:18:59 Checking for update using Github
2022-04-17 08:18:59 Success.
2022-04-17 08:18:59 Latest version is 0.14.5
2022-04-17 08:18:59 App is up to date.
2022-04-17 08:18:59 Checking for update using Github
2022-04-17 08:18:59 Success.
2022-04-17 08:18:59 Latest version is 0.14.5
2022-04-17 08:18:59 App is up to date.
2022-04-19 14:09:56 Loading main app package /usr/lib/obsidian/obsidian.asar
